<?xml version="1.0" encoding="UTF-8"?>
<!-- Generated by org.testng.reporters.JUnitReportReporter -->
<testsuite hostname="LAPTOP-RRMTBEBK" failures="0" tests="2" name="cucumber.testNGTestRunner" time="30.780" errors="0" timestamp="20 ene. 2023 10:17:38 GMT" skipped="0">
  <testcase classname="cucumber.testNGTestRunner" name="runScenario" time="10.430"/>
  <testcase classname="cucumber.testNGTestRunner" name="runScenario" time="20.350"/>
</testsuite> <!-- cucumber.testNGTestRunner -->
